0 info it worked if it ends with ok
1 verbose cli [ '/usr/bin/node', '/usr/bin/npm', 'run', 'typings', 'install' ]
2 info using npm@3.10.3
3 info using node@v6.7.0
4 verbose run-script [ 'pretypings', 'typings', 'posttypings' ]
5 info lifecycle angular-quickstart@1.0.0~pretypings: angular-quickstart@1.0.0
6 silly lifecycle angular-quickstart@1.0.0~pretypings: no script for pretypings, continuing
7 info lifecycle angular-quickstart@1.0.0~typings: angular-quickstart@1.0.0
8 verbose lifecycle angular-quickstart@1.0.0~typings: unsafe-perm in lifecycle true
9 verbose lifecycle angular-quickstart@1.0.0~typings: PATH: /usr/lib/node_modules/npm/bin/node-gyp-bin:/home/rpw-app/node_modules/.bin:/usr/bin:/usr/local/bin:/bin:/usr/bin:/usr/local/sbin:/usr/sbin:/sbin:/opt/aws/bin:/home/ec2-user/.local/bin:/home/ec2-user/bin
10 verbose lifecycle angular-quickstart@1.0.0~typings: CWD: /home/rpw-app
11 silly lifecycle angular-quickstart@1.0.0~typings: Args: [ '-c', 'typings "install"' ]
12 info lifecycle angular-quickstart@1.0.0~typings: Failed to exec typings script
13 verbose stack Error: angular-quickstart@1.0.0 typings: `typings "install"`
13 verbose stack spawn ENOENT
13 verbose stack     at ChildProcess.<anonymous> (/usr/lib/node_modules/npm/lib/utils/spawn.js:33:16)
13 verbose stack     at emitTwo (events.js:106:13)
13 verbose stack     at ChildProcess.emit (events.js:191:7)
13 verbose stack     at maybeClose (internal/child_process.js:877:16)
13 verbose stack     at Process.ChildProcess._handle.onexit (internal/child_process.js:226:5)
14 verbose pkgid angular-quickstart@1.0.0
15 verbose cwd /home/rpw-app
16 error Linux 4.4.19-29.55.amzn1.x86_64
17 error argv "/usr/bin/node" "/usr/bin/npm" "run" "typings" "install"
18 error node v6.7.0
19 error npm  v3.10.3
20 error file sh
21 error code ELIFECYCLE
22 error errno ENOENT
23 error syscall spawn
24 error angular-quickstart@1.0.0 typings: `typings "install"`
24 error spawn ENOENT
25 error Failed at the angular-quickstart@1.0.0 typings script 'typings "install"'.
25 error Make sure you have the latest version of node.js and npm installed.
25 error If you do, this is most likely a problem with the angular-quickstart package,
25 error not with npm itself.
25 error Tell the author that this fails on your system:
25 error     typings "install"
25 error You can get information on how to open an issue for this project with:
25 error     npm bugs angular-quickstart
25 error Or if that isn't available, you can get their info via:
25 error     npm owner ls angular-quickstart
25 error There is likely additional logging output above.
26 verbose exit [ 1, true ]
